0
color:black
parent=1
left nil
right nil
1
color:black
parent=3
left=0
right=2
2
color:black
parent=1
left nil
right nil
3
color:black
root node
left=1
right=5
4
color:black
parent=5
left nil
right nil
5
color:black
parent=3
left=4
right=7
6
color:black
parent=7
left nil
right nil
7
color:red
parent=5
left=6
right=8
8
color:black
parent=7
left nil
right=9
9
color:red
parent=8
left nil
right nil
find 8
parent=7
left=nil
right=9
8 successor=9
8 predecessor=7
tree max=9
tree min=0
0
color:black
parent=1
left nil
right nil
1
color:black
parent=3
left=0
right=2
2
color:black
parent=1
left nil
right nil
3
color:black
root node
left=1
right=5
4
color:black
parent=5
left nil
right nil
5
color:black
parent=3
left=4
right=7
6
color:black
parent=7
left nil
right nil
7
color:red
parent=5
left=6
right=9
9
color:black
parent=7
left nil
right nil
0
color:black
parent=1
left nil
right nil
1
color:black
parent=4
left=0
right=2
2
color:black
parent=1
left nil
right nil
4
color:black
root node
left=1
right=7
5
color:black
parent=7
left nil
right=6
6
color:red
parent=5
left nil
right nil
7
color:black
parent=4
left=5
right=9
9
color:black
parent=7
left nil
right nil
